2026-01-19 13:30:57 [main] INFO  c.swiftpay.SwiftpayApplicationTests - Starting SwiftpayApplicationTests using Java 21.0.8 with PID 121236 (started by HP in C:\Users\HP\OneDrive\Desktop\swiftpay\swiftpay)
2026-01-19 13:30:57 [main] DEBUG c.swiftpay.SwiftpayApplicationTests - Running with Spring Boot v3.5.9, Spring v6.2.15
2026-01-19 13:30:57 [main] INFO  c.swiftpay.SwiftpayApplicationTests - The following 1 profile is active: "dev"
2026-01-19 13:30:57 [main] DEBUG o.s.w.c.s.GenericWebApplicationContext - Refreshing org.springframework.web.context.support.GenericWebApplicationContext@4c176ff1
2026-01-19 13:31:01 [main] INFO  o.s.d.r.c.RepositoryConfigurationDelegate - Bootstrapping Spring Data JPA repositories in DEFAULT mode.
2026-01-19 13:31:01 [main] INFO  o.s.d.r.c.RepositoryConfigurationDelegate - Finished Spring Data repository scanning in 41 ms. Found 0 JPA repository interfaces.
2026-01-19 13:31:03 [main] DEBUG o.f.c.i.s.classpath.ClassPathScanner - Scanning for classpath resources at 'classpath:db/callback' ...
2026-01-19 13:31:03 [main] DEBUG o.f.c.i.s.classpath.ClassPathScanner - Determining location urls for classpath:db/callback using ClassLoader jdk.internal.loader.ClassLoaders$AppClassLoader@5a07e868 ...
2026-01-19 13:31:03 [main] DEBUG o.f.c.i.s.classpath.ClassPathScanner - Unable to resolve location classpath:db/callback.
2026-01-19 13:31:03 [main] DEBUG o.f.c.i.s.classpath.ClassPathScanner - Scanning for classpath resources at 'classpath:db/migration' ...
2026-01-19 13:31:03 [main] DEBUG o.f.c.i.s.classpath.ClassPathScanner - Determining location urls for classpath:db/migration using ClassLoader jdk.internal.loader.ClassLoaders$AppClassLoader@5a07e868 ...
2026-01-19 13:31:03 [main] DEBUG o.f.c.i.s.classpath.ClassPathScanner - Unable to resolve location classpath:db/migration.
2026-01-19 13:31:03 [main] DEBUG o.f.c.i.s.classpath.ClassPathScanner - Scanning for classes at classpath:db/migration
2026-01-19 13:31:03 [main] INFO  com.zaxxer.hikari.HikariDataSource - SwiftPayHikariPool - Starting...
2026-01-19 13:31:04 [main] INFO  com.zaxxer.hikari.pool.HikariPool - SwiftPayHikariPool - Added connection org.postgresql.jdbc.PgConnection@409f9dca
2026-01-19 13:31:04 [main] INFO  com.zaxxer.hikari.HikariDataSource - SwiftPayHikariPool - Start completed.
2026-01-19 13:31:04 [main] DEBUG o.f.c.i.d.DatabaseTypeRegister - Multiple databases found that handle url 'jdbc:postgresql://localhost:5432/swiftpay_dev': CockroachDB,PostgreSQL
2026-01-19 13:31:04 [main] INFO  org.flywaydb.core.FlywayExecutor - Database: jdbc:postgresql://localhost:5432/swiftpay_dev (PostgreSQL 18.1)
2026-01-19 13:31:04 [main] DEBUG org.flywaydb.core.FlywayExecutor - Database Type: PostgreSQL
2026-01-19 13:31:04 [main] DEBUG org.flywaydb.core.FlywayExecutor - Driver: PostgreSQL JDBC Driver 42.7.8
2026-01-19 13:31:04 [main] DEBUG org.flywaydb.core.FlywayExecutor - DDL Transactions Supported: true
2026-01-19 13:31:04 [main] DEBUG o.f.c.i.s.SchemaHistoryFactory - Schemas: 
2026-01-19 13:31:04 [main] DEBUG o.f.c.i.s.SchemaHistoryFactory - Default schema: null
2026-01-19 13:31:04 [main] WARN  o.f.c.i.database.base.Database - Flyway upgrade recommended: PostgreSQL 18.1 is newer than this version of Flyway and support has not been tested. The latest supported version of PostgreSQL is 17.
2026-01-19 13:31:04 [main] DEBUG org.flywaydb.core.FlywayExecutor - Scanning for script callbacks ...
2026-01-19 13:31:04 [main] DEBUG o.f.c.i.c.SqlScriptCallbackFactory - Scanning for SQL callbacks ...
2026-01-19 13:31:04 [main] DEBUG o.f.core.internal.command.DbValidate - Validating migrations ...
2026-01-19 13:31:04 [main] DEBUG o.f.c.a.c.ClassicConfiguration - CherryPickConfigurationExtension not found
2026-01-19 13:31:04 [main] INFO  o.f.c.i.s.JdbcTableSchemaHistory - Schema history table "public"."flyway_schema_history" does not exist yet
2026-01-19 13:31:04 [main] INFO  o.f.core.internal.command.DbValidate - Successfully validated 0 migrations (execution time 00:00.046s)
2026-01-19 13:31:04 [main] WARN  o.f.core.internal.command.DbValidate - No migrations found. Are your locations set up correctly?
2026-01-19 13:31:04 [main] DEBUG o.f.core.internal.command.DbSchemas - Skipping creation of existing schema: "public"
2026-01-19 13:31:04 [main] INFO  o.f.c.i.s.JdbcTableSchemaHistory - Creating Schema History table "public"."flyway_schema_history" with baseline ...
2026-01-19 13:31:04 [main] DEBUG o.f.core.internal.parser.Parser - Parsing  ...
2026-01-19 13:31:04 [main] DEBUG o.f.c.i.sqlscript.ParserSqlScript - Found statement at line 1: CREATE TABLE "public"."flyway_schema_history" (
    "installed_rank" INT NOT NULL,
    "version" VARCHAR(50),
    "description" VARCHAR(200) NOT NULL,
    "type" VARCHAR(20) NOT NULL,
    "script" VARCHAR(1000) NOT NULL,
    "checksum" INTEGER,
    "installed_by" VARCHAR(100) NOT NULL,
    "installed_on" TIMESTAMP NOT NULL DEFAULT now(),
    "execution_time" INTEGER NOT NULL,
    "success" BOOLEAN NOT NULL
)
2026-01-19 13:31:04 [main] DEBUG o.f.c.i.sqlscript.ParserSqlScript - Found statement at line 13: INSERT INTO "public"."flyway_schema_history" ("installed_rank", "version", "description", "type", "script", "checksum", "installed_by", "execution_time", "success") VALUES (1, '1', '<< Flyway Baseline >>', 'BASELINE', '<< Flyway Baseline >>', NULL, 'swiftpay', 0, TRUE)
2026-01-19 13:31:04 [main] DEBUG o.f.c.i.sqlscript.ParserSqlScript - Found statement at line 14: ALTER TABLE "public"."flyway_schema_history" ADD CONSTRAINT "flyway_schema_history_pk" PRIMARY KEY ("installed_rank")
2026-01-19 13:31:04 [main] DEBUG o.f.c.i.sqlscript.ParserSqlScript - Found statement at line 15: CREATE INDEX "flyway_schema_history_s_idx" ON "public"."flyway_schema_history" ("success")
2026-01-19 13:31:04 [main] DEBUG o.f.c.i.s.DefaultSqlScriptExecutor - Executing SQL: CREATE TABLE "public"."flyway_schema_history" (
    "installed_rank" INT NOT NULL,
    "version" VARCHAR(50),
    "description" VARCHAR(200) NOT NULL,
    "type" VARCHAR(20) NOT NULL,
    "script" VARCHAR(1000) NOT NULL,
    "checksum" INTEGER,
    "installed_by" VARCHAR(100) NOT NULL,
    "installed_on" TIMESTAMP NOT NULL DEFAULT now(),
    "execution_time" INTEGER NOT NULL,
    "success" BOOLEAN NOT NULL
)
2026-01-19 13:31:04 [main] DEBUG o.f.c.i.s.DefaultSqlScriptExecutor - 0 rows affected
2026-01-19 13:31:04 [main] DEBUG o.f.c.i.s.DefaultSqlScriptExecutor - Executing SQL: INSERT INTO "public"."flyway_schema_history" ("installed_rank", "version", "description", "type", "script", "checksum", "installed_by", "execution_time", "success") VALUES (1, '1', '<< Flyway Baseline >>', 'BASELINE', '<< Flyway Baseline >>', NULL, 'swiftpay', 0, TRUE)
2026-01-19 13:31:04 [main] DEBUG o.f.c.i.s.DefaultSqlScriptExecutor - 1 row affected
2026-01-19 13:31:04 [main] DEBUG o.f.c.i.s.DefaultSqlScriptExecutor - Executing SQL: ALTER TABLE "public"."flyway_schema_history" ADD CONSTRAINT "flyway_schema_history_pk" PRIMARY KEY ("installed_rank")
2026-01-19 13:31:04 [main] DEBUG o.f.c.i.s.DefaultSqlScriptExecutor - 0 rows affected
2026-01-19 13:31:04 [main] DEBUG o.f.c.i.s.DefaultSqlScriptExecutor - Executing SQL: CREATE INDEX "flyway_schema_history_s_idx" ON "public"."flyway_schema_history" ("success")
2026-01-19 13:31:04 [main] DEBUG o.f.c.i.s.DefaultSqlScriptExecutor - 0 rows affected
2026-01-19 13:31:04 [main] DEBUG o.f.c.i.s.JdbcTableSchemaHistory - Created Schema History table "public"."flyway_schema_history" with baseline
2026-01-19 13:31:04 [main] INFO  o.f.core.internal.command.DbBaseline - Successfully baselined schema with version: 1
2026-01-19 13:31:04 [main] DEBUG o.f.c.a.c.ClassicConfiguration - CherryPickConfigurationExtension not found
2026-01-19 13:31:04 [main] INFO  o.f.core.internal.command.DbMigrate - Current version of schema "public": 1
2026-01-19 13:31:04 [main] INFO  o.f.core.internal.command.DbMigrate - Schema "public" is up to date. No migration necessary.
2026-01-19 13:31:04 [main] DEBUG org.flywaydb.core.FlywayExecutor - Memory usage: 42 of 316M
2026-01-19 13:31:04 [main] INFO  o.h.jpa.internal.util.LogHelper - HHH000204: Processing PersistenceUnitInfo [name: default]
2026-01-19 13:31:04 [main] INFO  org.hibernate.Version - HHH000412: Hibernate ORM core version 6.6.39.Final
2026-01-19 13:31:05 [main] INFO  o.h.c.i.RegionFactoryInitiator - HHH000026: Second-level cache disabled
2026-01-19 13:31:05 [main] INFO  o.s.o.j.p.SpringPersistenceUnitInfo - No LoadTimeWeaver setup: ignoring JPA class transformer
2026-01-19 13:31:05 [main] WARN  org.hibernate.orm.deprecation - HHH90000025: PostgreSQLDialect does not need to be specified explicitly using 'hibernate.dialect' (remove the property setting and it will be selected by default)
2026-01-19 13:31:05 [main] INFO  o.hibernate.orm.connections.pooling - HHH10001005: Database info:
	Database JDBC URL [Connecting through datasource 'HikariDataSource (SwiftPayHikariPool)']
	Database driver: undefined/unknown
	Database version: 18.1
	Autocommit mode: undefined/unknown
	Isolation level: undefined/unknown
	Minimum pool size: undefined/unknown
	Maximum pool size: undefined/unknown
2026-01-19 13:31:06 [main] INFO  o.h.e.t.j.p.i.JtaPlatformInitiator - HHH000489: No JTA platform available (set 'hibernate.transaction.jta.platform' to enable JTA platform integration)
2026-01-19 13:31:06 [main] INFO  o.s.o.j.LocalContainerEntityManagerFactoryBean - Initialized JPA EntityManagerFactory for persistence unit 'default'
2026-01-19 13:31:07 [main] INFO  o.s.b.a.e.web.EndpointLinksResolver - Exposing 15 endpoints beneath base path '/actuator'
2026-01-19 13:31:08 [main] DEBUG o.s.w.s.m.m.a.RequestMappingHandlerMapping - 6 mappings in 'requestMappingHandlerMapping'
2026-01-19 13:31:08 [main] DEBUG o.s.w.s.h.SimpleUrlHandlerMapping - Patterns [/webjars/**, /**, /swagger-ui*/*swagger-initializer.js, /swagger-ui*/**] in 'resourceHandlerMapping'
2026-01-19 13:31:08 [main] DEBUG o.s.w.s.m.m.a.RequestMappingHandlerAdapter - ControllerAdvice beans: 0 @ModelAttribute, 0 @InitBinder, 1 RequestBodyAdvice, 1 ResponseBodyAdvice
2026-01-19 13:31:08 [main] DEBUG o.s.w.s.m.m.a.ExceptionHandlerExceptionResolver - ControllerAdvice beans: 1 @ExceptionHandler, 1 ResponseBodyAdvice
2026-01-19 13:31:08 [main] DEBUG o.s.s.c.a.a.c.AuthenticationConfiguration$DefaultPasswordEncoderAuthenticationManagerBuilder - No authenticationProviders and no parentAuthenticationManager defined. Returning null.
2026-01-19 13:31:09 [main] DEBUG o.s.s.web.DefaultSecurityFilterChain - Will secure any request with filters: DisableEncodeUrlFilter, WebAsyncManagerIntegrationFilter, SecurityContextHolderFilter, HeaderWriterFilter, CorsFilter, CsrfFilter, LogoutFilter, UsernamePasswordAuthenticationFilter, DefaultResourcesFilter, DefaultLoginPageGeneratingFilter, DefaultLogoutPageGeneratingFilter, BasicAuthenticationFilter, RequestCacheAwareFilter, SecurityContextHolderAwareRequestFilter, AnonymousAuthenticationFilter, ExceptionTranslationFilter, AuthorizationFilter
2026-01-19 13:31:09 [main] INFO  c.swiftpay.SwiftpayApplicationTests - Started SwiftpayApplicationTests in 13.116 seconds (process running for 16.55)
2026-01-19 13:31:10 [SpringApplicationShutdownHook] DEBUG o.s.w.c.s.GenericWebApplicationContext - Closing org.springframework.web.context.support.GenericWebApplicationContext@4c176ff1, started on Mon Jan 19 13:30:57 WAT 2026
2026-01-19 13:31:10 [SpringApplicationShutdownHook] INFO  o.s.o.j.LocalContainerEntityManagerFactoryBean - Closing JPA EntityManagerFactory for persistence unit 'default'
2026-01-19 13:31:10 [SpringApplicationShutdownHook] INFO  com.zaxxer.hikari.HikariDataSource - SwiftPayHikariPool - Shutdown initiated...
2026-01-19 13:31:10 [SpringApplicationShutdownHook] INFO  com.zaxxer.hikari.HikariDataSource - SwiftPayHikariPool - Shutdown completed.
2026-01-19 13:42:46 [main] INFO  c.swiftpay.SwiftpayApplicationTests - Starting SwiftpayApplicationTests using Java 21.0.8 with PID 128864 (started by HP in C:\Users\HP\OneDrive\Desktop\swiftpay\swiftpay)
2026-01-19 13:42:46 [main] DEBUG c.swiftpay.SwiftpayApplicationTests - Running with Spring Boot v3.5.9, Spring v6.2.15
2026-01-19 13:42:46 [main] INFO  c.swiftpay.SwiftpayApplicationTests - The following 1 profile is active: "dev"
2026-01-19 13:42:46 [main] DEBUG o.s.w.c.s.GenericWebApplicationContext - Refreshing org.springframework.web.context.support.GenericWebApplicationContext@5b742bc8
2026-01-19 13:42:51 [main] INFO  o.s.d.r.c.RepositoryConfigurationDelegate - Bootstrapping Spring Data JPA repositories in DEFAULT mode.
2026-01-19 13:42:51 [main] INFO  o.s.d.r.c.RepositoryConfigurationDelegate - Finished Spring Data repository scanning in 42 ms. Found 0 JPA repository interfaces.
2026-01-19 13:42:53 [main] DEBUG o.f.c.i.s.classpath.ClassPathScanner - Scanning for classpath resources at 'classpath:db/callback' ...
2026-01-19 13:42:53 [main] DEBUG o.f.c.i.s.classpath.ClassPathScanner - Determining location urls for classpath:db/callback using ClassLoader jdk.internal.loader.ClassLoaders$AppClassLoader@5a07e868 ...
2026-01-19 13:42:53 [main] DEBUG o.f.c.i.s.classpath.ClassPathScanner - Unable to resolve location classpath:db/callback.
2026-01-19 13:42:53 [main] DEBUG o.f.c.i.s.classpath.ClassPathScanner - Scanning for classpath resources at 'classpath:db/migration' ...
2026-01-19 13:42:53 [main] DEBUG o.f.c.i.s.classpath.ClassPathScanner - Determining location urls for classpath:db/migration using ClassLoader jdk.internal.loader.ClassLoaders$AppClassLoader@5a07e868 ...
2026-01-19 13:42:53 [main] DEBUG o.f.c.i.s.classpath.ClassPathScanner - Unable to resolve location classpath:db/migration.
2026-01-19 13:42:53 [main] DEBUG o.f.c.i.s.classpath.ClassPathScanner - Scanning for classes at classpath:db/migration
2026-01-19 13:42:53 [main] INFO  com.zaxxer.hikari.HikariDataSource - SwiftPayHikariPool - Starting...
2026-01-19 13:42:53 [main] INFO  com.zaxxer.hikari.pool.HikariPool - SwiftPayHikariPool - Added connection org.postgresql.jdbc.PgConnection@6915e5ca
2026-01-19 13:42:53 [main] INFO  com.zaxxer.hikari.HikariDataSource - SwiftPayHikariPool - Start completed.
2026-01-19 13:42:53 [main] DEBUG o.f.c.i.d.DatabaseTypeRegister - Multiple databases found that handle url 'jdbc:postgresql://localhost:5432/swiftpay_dev': CockroachDB,PostgreSQL
2026-01-19 13:42:53 [main] INFO  org.flywaydb.core.FlywayExecutor - Database: jdbc:postgresql://localhost:5432/swiftpay_dev (PostgreSQL 18.1)
2026-01-19 13:42:53 [main] DEBUG org.flywaydb.core.FlywayExecutor - Database Type: PostgreSQL
2026-01-19 13:42:53 [main] DEBUG org.flywaydb.core.FlywayExecutor - Driver: PostgreSQL JDBC Driver 42.7.8
2026-01-19 13:42:53 [main] DEBUG org.flywaydb.core.FlywayExecutor - DDL Transactions Supported: true
2026-01-19 13:42:53 [main] DEBUG o.f.c.i.s.SchemaHistoryFactory - Schemas: 
2026-01-19 13:42:53 [main] DEBUG o.f.c.i.s.SchemaHistoryFactory - Default schema: null
2026-01-19 13:42:53 [main] WARN  o.f.c.i.database.base.Database - Flyway upgrade recommended: PostgreSQL 18.1 is newer than this version of Flyway and support has not been tested. The latest supported version of PostgreSQL is 17.
2026-01-19 13:42:53 [main] DEBUG org.flywaydb.core.FlywayExecutor - Scanning for script callbacks ...
2026-01-19 13:42:53 [main] DEBUG o.f.c.i.c.SqlScriptCallbackFactory - Scanning for SQL callbacks ...
2026-01-19 13:42:53 [main] DEBUG o.f.core.internal.command.DbValidate - Validating migrations ...
2026-01-19 13:42:53 [main] DEBUG o.f.c.a.c.ClassicConfiguration - CherryPickConfigurationExtension not found
2026-01-19 13:42:53 [main] INFO  o.f.core.internal.command.DbValidate - Successfully validated 1 migration (execution time 00:00.046s)
2026-01-19 13:42:53 [main] DEBUG o.f.core.internal.command.DbSchemas - Skipping creation of existing schema: "public"
2026-01-19 13:42:53 [main] DEBUG o.f.c.a.c.ClassicConfiguration - CherryPickConfigurationExtension not found
2026-01-19 13:42:53 [main] INFO  o.f.core.internal.command.DbMigrate - Current version of schema "public": 1
2026-01-19 13:42:53 [main] INFO  o.f.core.internal.command.DbMigrate - Schema "public" is up to date. No migration necessary.
2026-01-19 13:42:53 [main] DEBUG org.flywaydb.core.FlywayExecutor - Memory usage: 85 of 108M
2026-01-19 13:42:54 [main] INFO  o.h.jpa.internal.util.LogHelper - HHH000204: Processing PersistenceUnitInfo [name: default]
2026-01-19 13:42:54 [main] INFO  org.hibernate.Version - HHH000412: Hibernate ORM core version 6.6.39.Final
2026-01-19 13:42:54 [main] INFO  o.h.c.i.RegionFactoryInitiator - HHH000026: Second-level cache disabled
2026-01-19 13:42:55 [main] INFO  o.s.o.j.p.SpringPersistenceUnitInfo - No LoadTimeWeaver setup: ignoring JPA class transformer
2026-01-19 13:42:55 [main] WARN  org.hibernate.orm.deprecation - HHH90000025: PostgreSQLDialect does not need to be specified explicitly using 'hibernate.dialect' (remove the property setting and it will be selected by default)
2026-01-19 13:42:56 [main] INFO  o.hibernate.orm.connections.pooling - HHH10001005: Database info:
	Database JDBC URL [Connecting through datasource 'HikariDataSource (SwiftPayHikariPool)']
	Database driver: undefined/unknown
	Database version: 18.1
	Autocommit mode: undefined/unknown
	Isolation level: undefined/unknown
	Minimum pool size: undefined/unknown
	Maximum pool size: undefined/unknown
2026-01-19 13:42:57 [main] INFO  o.h.e.t.j.p.i.JtaPlatformInitiator - HHH000489: No JTA platform available (set 'hibernate.transaction.jta.platform' to enable JTA platform integration)
2026-01-19 13:42:57 [main] INFO  o.s.o.j.LocalContainerEntityManagerFactoryBean - Initialized JPA EntityManagerFactory for persistence unit 'default'
2026-01-19 13:42:58 [main] INFO  o.s.b.a.e.web.EndpointLinksResolver - Exposing 15 endpoints beneath base path '/actuator'
2026-01-19 13:42:58 [main] DEBUG o.s.w.s.m.m.a.RequestMappingHandlerMapping - 6 mappings in 'requestMappingHandlerMapping'
2026-01-19 13:42:58 [main] DEBUG o.s.w.s.h.SimpleUrlHandlerMapping - Patterns [/webjars/**, /**, /swagger-ui*/*swagger-initializer.js, /swagger-ui*/**] in 'resourceHandlerMapping'
2026-01-19 13:42:58 [main] DEBUG o.s.w.s.m.m.a.RequestMappingHandlerAdapter - ControllerAdvice beans: 0 @ModelAttribute, 0 @InitBinder, 1 RequestBodyAdvice, 1 ResponseBodyAdvice
2026-01-19 13:42:58 [main] DEBUG o.s.w.s.m.m.a.ExceptionHandlerExceptionResolver - ControllerAdvice beans: 1 @ExceptionHandler, 1 ResponseBodyAdvice
2026-01-19 13:42:59 [main] DEBUG o.s.s.c.a.a.c.AuthenticationConfiguration$DefaultPasswordEncoderAuthenticationManagerBuilder - No authenticationProviders and no parentAuthenticationManager defined. Returning null.
2026-01-19 13:42:59 [main] DEBUG o.s.s.web.DefaultSecurityFilterChain - Will secure any request with filters: DisableEncodeUrlFilter, WebAsyncManagerIntegrationFilter, SecurityContextHolderFilter, HeaderWriterFilter, CorsFilter, CsrfFilter, LogoutFilter, UsernamePasswordAuthenticationFilter, DefaultResourcesFilter, DefaultLoginPageGeneratingFilter, DefaultLogoutPageGeneratingFilter, BasicAuthenticationFilter, RequestCacheAwareFilter, SecurityContextHolderAwareRequestFilter, AnonymousAuthenticationFilter, ExceptionTranslationFilter, AuthorizationFilter
2026-01-19 13:42:59 [main] INFO  c.swiftpay.SwiftpayApplicationTests - Started SwiftpayApplicationTests in 14.706 seconds (process running for 20.333)
2026-01-19 13:43:00 [SpringApplicationShutdownHook] DEBUG o.s.w.c.s.GenericWebApplicationContext - Closing org.springframework.web.context.support.GenericWebApplicationContext@5b742bc8, started on Mon Jan 19 13:42:46 WAT 2026
2026-01-19 13:43:01 [SpringApplicationShutdownHook] INFO  o.s.o.j.LocalContainerEntityManagerFactoryBean - Closing JPA EntityManagerFactory for persistence unit 'default'
2026-01-19 13:43:01 [SpringApplicationShutdownHook] INFO  com.zaxxer.hikari.HikariDataSource - SwiftPayHikariPool - Shutdown initiated...
2026-01-19 13:43:01 [SpringApplicationShutdownHook] INFO  com.zaxxer.hikari.HikariDataSource - SwiftPayHikariPool - Shutdown completed.
2026-01-19 13:44:08 [restartedMain] INFO  com.swiftpay.SwiftpayApplication - Starting SwiftpayApplication using Java 21.0.8 with PID 104608 (C:\Users\HP\OneDrive\Desktop\swiftpay\swiftpay\target\classes started by HP in C:\Users\HP\OneDrive\Desktop\swiftpay\swiftpay)
2026-01-19 13:44:08 [restartedMain] DEBUG com.swiftpay.SwiftpayApplication - Running with Spring Boot v3.5.9, Spring v6.2.15
2026-01-19 13:44:08 [restartedMain] INFO  com.swiftpay.SwiftpayApplication - The following 1 profile is active: "dev"
2026-01-19 13:44:09 [restartedMain] INFO  o.s.b.d.e.DevToolsPropertyDefaultsPostProcessor - Devtools property defaults active! Set 'spring.devtools.add-properties' to 'false' to disable
2026-01-19 13:44:09 [restartedMain] INFO  o.s.b.d.e.DevToolsPropertyDefaultsPostProcessor - For additional web related logging consider setting the 'logging.level.web' property to 'DEBUG'
2026-01-19 13:44:10 [restartedMain] INFO  o.s.d.r.c.RepositoryConfigurationDelegate - Bootstrapping Spring Data JPA repositories in DEFAULT mode.
2026-01-19 13:44:10 [restartedMain] INFO  o.s.d.r.c.RepositoryConfigurationDelegate - Finished Spring Data repository scanning in 12 ms. Found 0 JPA repository interfaces.
2026-01-19 13:44:11 [restartedMain] INFO  o.s.b.w.e.tomcat.TomcatWebServer - Tomcat initialized with port 8080 (http)
2026-01-19 13:44:11 [restartedMain] INFO  o.a.catalina.core.StandardService - Starting service [Tomcat]
2026-01-19 13:44:11 [restartedMain] INFO  o.a.catalina.core.StandardEngine - Starting Servlet engine: [Apache Tomcat/10.1.50]
2026-01-19 13:44:11 [restartedMain] INFO  o.a.c.c.C.[Tomcat].[localhost].[/] - Initializing Spring embedded WebApplicationContext
2026-01-19 13:44:11 [restartedMain] INFO  o.s.b.w.s.c.ServletWebServerApplicationContext - Root WebApplicationContext: initialization completed in 2459 ms
2026-01-19 13:44:11 [restartedMain] DEBUG o.s.w.f.ServerHttpObservationFilter - Filter 'webMvcObservationFilter' configured for use
2026-01-19 13:44:11 [restartedMain] DEBUG o.f.c.i.s.classpath.ClassPathScanner - Scanning for classpath resources at 'classpath:db/callback' ...
2026-01-19 13:44:11 [restartedMain] DEBUG o.f.c.i.s.classpath.ClassPathScanner - Determining location urls for classpath:db/callback using ClassLoader org.springframework.boot.devtools.restart.classloader.RestartClassLoader@46b4f2c9 ...
2026-01-19 13:44:11 [restartedMain] DEBUG o.f.c.i.s.classpath.ClassPathScanner - Unable to resolve location classpath:db/callback.
2026-01-19 13:44:11 [restartedMain] DEBUG o.f.c.i.s.classpath.ClassPathScanner - Scanning for classpath resources at 'classpath:db/migration' ...
2026-01-19 13:44:11 [restartedMain] DEBUG o.f.c.i.s.classpath.ClassPathScanner - Determining location urls for classpath:db/migration using ClassLoader org.springframework.boot.devtools.restart.classloader.RestartClassLoader@46b4f2c9 ...
2026-01-19 13:44:11 [restartedMain] DEBUG o.f.c.i.s.classpath.ClassPathScanner - Unable to resolve location classpath:db/migration.
2026-01-19 13:44:11 [restartedMain] DEBUG o.f.c.i.s.classpath.ClassPathScanner - Scanning for classes at classpath:db/migration
2026-01-19 13:44:11 [restartedMain] INFO  com.zaxxer.hikari.HikariDataSource - SwiftPayHikariPool - Starting...
2026-01-19 13:44:12 [restartedMain] INFO  com.zaxxer.hikari.pool.HikariPool - SwiftPayHikariPool - Added connection org.postgresql.jdbc.PgConnection@363e1fdf
2026-01-19 13:44:12 [restartedMain] INFO  com.zaxxer.hikari.HikariDataSource - SwiftPayHikariPool - Start completed.
2026-01-19 13:44:12 [restartedMain] DEBUG o.f.c.i.d.DatabaseTypeRegister - Multiple databases found that handle url 'jdbc:postgresql://localhost:5432/swiftpay_dev': CockroachDB,PostgreSQL
2026-01-19 13:44:12 [restartedMain] INFO  org.flywaydb.core.FlywayExecutor - Database: jdbc:postgresql://localhost:5432/swiftpay_dev (PostgreSQL 18.1)
2026-01-19 13:44:12 [restartedMain] DEBUG org.flywaydb.core.FlywayExecutor - Database Type: PostgreSQL
2026-01-19 13:44:12 [restartedMain] DEBUG org.flywaydb.core.FlywayExecutor - Driver: PostgreSQL JDBC Driver 42.7.8
2026-01-19 13:44:12 [restartedMain] DEBUG org.flywaydb.core.FlywayExecutor - DDL Transactions Supported: true
2026-01-19 13:44:12 [restartedMain] DEBUG o.f.c.i.s.SchemaHistoryFactory - Schemas: 
2026-01-19 13:44:12 [restartedMain] DEBUG o.f.c.i.s.SchemaHistoryFactory - Default schema: null
2026-01-19 13:44:12 [restartedMain] WARN  o.f.c.i.database.base.Database - Flyway upgrade recommended: PostgreSQL 18.1 is newer than this version of Flyway and support has not been tested. The latest supported version of PostgreSQL is 17.
2026-01-19 13:44:12 [restartedMain] DEBUG org.flywaydb.core.FlywayExecutor - Scanning for script callbacks ...
2026-01-19 13:44:12 [restartedMain] DEBUG o.f.c.i.c.SqlScriptCallbackFactory - Scanning for SQL callbacks ...
2026-01-19 13:44:12 [restartedMain] DEBUG o.f.core.internal.command.DbValidate - Validating migrations ...
2026-01-19 13:44:12 [restartedMain] DEBUG o.f.c.a.c.ClassicConfiguration - CherryPickConfigurationExtension not found
2026-01-19 13:44:12 [restartedMain] INFO  o.f.core.internal.command.DbValidate - Successfully validated 1 migration (execution time 00:00.023s)
2026-01-19 13:44:12 [restartedMain] DEBUG o.f.core.internal.command.DbSchemas - Skipping creation of existing schema: "public"
2026-01-19 13:44:12 [restartedMain] DEBUG o.f.c.a.c.ClassicConfiguration - CherryPickConfigurationExtension not found
2026-01-19 13:44:12 [restartedMain] INFO  o.f.core.internal.command.DbMigrate - Current version of schema "public": 1
2026-01-19 13:44:12 [restartedMain] INFO  o.f.core.internal.command.DbMigrate - Schema "public" is up to date. No migration necessary.
2026-01-19 13:44:12 [restartedMain] DEBUG org.flywaydb.core.FlywayExecutor - Memory usage: 54 of 80M
2026-01-19 13:44:12 [restartedMain] INFO  o.h.jpa.internal.util.LogHelper - HHH000204: Processing PersistenceUnitInfo [name: default]
2026-01-19 13:44:12 [restartedMain] INFO  org.hibernate.Version - HHH000412: Hibernate ORM core version 6.6.39.Final
2026-01-19 13:44:12 [restartedMain] INFO  o.h.c.i.RegionFactoryInitiator - HHH000026: Second-level cache disabled
2026-01-19 13:44:12 [restartedMain] INFO  o.s.o.j.p.SpringPersistenceUnitInfo - No LoadTimeWeaver setup: ignoring JPA class transformer
2026-01-19 13:44:12 [restartedMain] WARN  org.hibernate.orm.deprecation - HHH90000025: PostgreSQLDialect does not need to be specified explicitly using 'hibernate.dialect' (remove the property setting and it will be selected by default)
2026-01-19 13:44:12 [restartedMain] INFO  o.hibernate.orm.connections.pooling - HHH10001005: Database info:
	Database JDBC URL [Connecting through datasource 'HikariDataSource (SwiftPayHikariPool)']
	Database driver: undefined/unknown
	Database version: 18.1
	Autocommit mode: undefined/unknown
	Isolation level: undefined/unknown
	Minimum pool size: undefined/unknown
	Maximum pool size: undefined/unknown
2026-01-19 13:44:13 [restartedMain] INFO  o.h.e.t.j.p.i.JtaPlatformInitiator - HHH000489: No JTA platform available (set 'hibernate.transaction.jta.platform' to enable JTA platform integration)
2026-01-19 13:44:13 [restartedMain] INFO  o.s.o.j.LocalContainerEntityManagerFactoryBean - Initialized JPA EntityManagerFactory for persistence unit 'default'
2026-01-19 13:44:13 [restartedMain] INFO  o.s.b.a.e.web.EndpointLinksResolver - Exposing 15 endpoints beneath base path '/actuator'
2026-01-19 13:44:13 [restartedMain] DEBUG o.s.w.s.m.m.a.RequestMappingHandlerMapping - 6 mappings in 'requestMappingHandlerMapping'
2026-01-19 13:44:13 [restartedMain] DEBUG o.s.w.s.h.SimpleUrlHandlerMapping - Patterns [/webjars/**, /**, /swagger-ui*/*swagger-initializer.js, /swagger-ui*/**] in 'resourceHandlerMapping'
2026-01-19 13:44:13 [restartedMain] DEBUG o.s.w.s.m.m.a.RequestMappingHandlerAdapter - ControllerAdvice beans: 0 @ModelAttribute, 0 @InitBinder, 1 RequestBodyAdvice, 1 ResponseBodyAdvice
2026-01-19 13:44:14 [restartedMain] DEBUG o.s.w.s.m.m.a.ExceptionHandlerExceptionResolver - ControllerAdvice beans: 1 @ExceptionHandler, 1 ResponseBodyAdvice
2026-01-19 13:44:14 [restartedMain] DEBUG o.s.s.c.a.a.c.AuthenticationConfiguration$DefaultPasswordEncoderAuthenticationManagerBuilder - No authenticationProviders and no parentAuthenticationManager defined. Returning null.
2026-01-19 13:44:14 [restartedMain] DEBUG o.s.s.web.DefaultSecurityFilterChain - Will secure any request with filters: DisableEncodeUrlFilter, WebAsyncManagerIntegrationFilter, SecurityContextHolderFilter, HeaderWriterFilter, CorsFilter, CsrfFilter, LogoutFilter, UsernamePasswordAuthenticationFilter, DefaultResourcesFilter, DefaultLoginPageGeneratingFilter, DefaultLogoutPageGeneratingFilter, BasicAuthenticationFilter, RequestCacheAwareFilter, SecurityContextHolderAwareRequestFilter, AnonymousAuthenticationFilter, ExceptionTranslationFilter, AuthorizationFilter
2026-01-19 13:44:14 [restartedMain] INFO  o.s.b.d.a.OptionalLiveReloadServer - LiveReload server is running on port 35729
2026-01-19 13:44:14 [restartedMain] INFO  o.s.b.w.e.tomcat.TomcatWebServer - Tomcat started on port 8080 (http) with context path '/'
2026-01-19 13:44:14 [restartedMain] INFO  com.swiftpay.SwiftpayApplication - Started SwiftpayApplication in 6.442 seconds (process running for 7.181)
